<?xml version="1.0" encoding="UTF-8"?>
<!-- Generated by org.testng.reporters.JUnitXMLReporter -->
<testsuite hostname="LAPTOP-17KMV140" ignored="0" name="MSTest" tests="6" failures="0" timestamp="2020-04-14T13:49:27 IST" time="52.032" errors="0">
  <testcase name="Login" time="24.502" classname="test.MSFormCreation"/>
  <testcase name="AddTitle" time="0.61" classname="test.MSFormCreation"/>
  <testcase name="AddQuest" time="4.838" classname="test.MSFormCreation"/>
  <testcase name="AddQuest" time="5.13" classname="test.MSFormCreation"/>
  <testcase name="getTemplateLink" time="1.525" classname="test.MSFormShare"/>
  <testcase name="getCollaborateLink" time="1.445" classname="test.MSFormShare"/>
</testsuite> <!-- MSTest -->
