<?xml version="1.0" encoding="UTF-8"?>
<!-- Generated by org.testng.reporters.JUnitXMLReporter -->
<testsuite hostname="LAPTOP-17KMV140" ignored="0" name="Default test" tests="3" failures="0" timestamp="2020-04-08T19:34:30 IST" time="50.146" errors="0">
  <testcase name="Login" time="30.009" classname="test.MSFormCreation"/>
  <testcase name="AddTitle" time="0.519" classname="test.MSFormCreation"/>
  <testcase name="AddQuest" time="1.531" classname="test.MSFormCreation"/>
</testsuite> <!-- Default test -->
